INFO  - 2013-09-07 16:10:21.647; org.apache.solr.handler.ReplicationHandler; Commits will be reserved for  10000
INFO  - 2013-09-07 16:10:21.647; org.apache.solr.core.QuerySenderListener; QuerySenderListener sending requests to Searcher@3329f514 main{StandardDirectoryReader(segments_1:1)}
INFO  - 2013-09-07 16:10:21.647; org.apache.solr.core.CoreContainer; registering core: store
INFO  - 2013-09-07 16:10:21.649; org.apache.solr.core.SolrCore; [store] webapp=null path=null params={event=firstSearcher&q=static+firstSearcher+warming+in+solrconfig.xml&distrib=false} hits=0 status=0 QTime=2 
INFO  - 2013-09-07 16:10:21.649; org.apache.solr.core.QuerySenderListener; QuerySenderListener done.
INFO  - 2013-09-07 16:10:21.649; org.apache.solr.handler.component.SpellCheckComponent$SpellCheckerListener; Loading spell index for spellchecker: default
INFO  - 2013-09-07 16:10:21.649; org.apache.solr.handler.component.SpellCheckComponent$SpellCheckerListener; Loading spell index for spellchecker: wordbreak
INFO  - 2013-09-07 16:10:21.649; org.apache.solr.servlet.SolrDispatchFilter; user.dir=/home/jholmberg/Projects/titan-solr-cloud-test/solr-4.4.0/example
INFO  - 2013-09-07 16:10:21.649; org.apache.solr.core.SolrCore; [store] Registered new searcher Searcher@3329f514 main{StandardDirectoryReader(segments_1:1)}
INFO  - 2013-09-07 16:10:21.650; org.apache.solr.servlet.SolrDispatchFilter; SolrDispatchFilter.init() done
INFO  - 2013-09-07 16:10:21.674; org.eclipse.jetty.server.AbstractConnector; Started SocketConnector@0.0.0.0:8983
INFO  - 2013-09-07 16:10:35.365; org.apache.solr.servlet.SolrDispatchFilter; [admin] webapp=null path=/admin/cores params={indexInfo=false&_=1378584635357&wt=json} status=0 QTime=1 
INFO  - 2013-09-07 16:10:35.403; org.apache.solr.core.SolrCore; [store] webapp=/solr path=/admin/system params={_=1378584635392&wt=json} status=0 QTime=5 
INFO  - 2013-09-07 16:10:50.305; org.apache.solr.core.SolrCore; [store] webapp=/solr path=/admin/file/ params={file=admin-extra.menu-top.html&_=1378584650299&contentType=text/html;charset%3Dutf-8} status=404 QTime=1 
INFO  - 2013-09-07 16:10:50.311; org.apache.solr.core.SolrCore; [store] webapp=/solr path=/admin/file/ params={file=admin-extra.menu-bottom.html&_=1378584650300&contentType=text/html;charset%3Dutf-8} status=404 QTime=1 
INFO  - 2013-09-07 16:10:50.328; org.apache.solr.core.SolrCore; [store] webapp=/solr path=/admin/luke params={numTerms=0&_=1378584650320&show=index&wt=json} status=0 QTime=2 
INFO  - 2013-09-07 16:10:50.331; org.apache.solr.core.SolrCore; [store] webapp=/solr path=/replication params={command=details&_=1378584650323&wt=json} status=0 QTime=4 
INFO  - 2013-09-07 16:10:50.335; org.apache.solr.core.SolrCore; [store] webapp=/solr path=/admin/file/ params={file=admin-extra.html&_=1378584650327} status=404 QTime=0 
INFO  - 2013-09-07 16:10:50.337; org.apache.solr.core.SolrCore; [store] webapp=/solr path=/admin/ping params={action=status&_=1378584650329&wt=json} status=503 QTime=2 
INFO  - 2013-09-07 16:10:55.351; org.apache.solr.core.SolrCore; [store] webapp=/solr path=/select params={indent=true&q=*:*&_=1378584655336&wt=json} hits=0 status=0 QTime=2 
INFO  - 2013-09-07 16:10:59.381; org.apache.solr.core.SolrCore; [store1] webapp=/solr path=/admin/ping params={action=status&_=1378584659374&wt=json} status=503 QTime=0 
INFO  - 2013-09-07 16:10:59.381; org.apache.solr.core.SolrCore; [store1] webapp=/solr path=/replication params={command=details&_=1378584659369&wt=json} status=0 QTime=1 
INFO  - 2013-09-07 16:10:59.381; org.apache.solr.core.SolrCore; [store1] webapp=/solr path=/admin/luke params={numTerms=0&_=1378584659367&show=index&wt=json} status=0 QTime=1 
INFO  - 2013-09-07 16:10:59.384; org.apache.solr.core.SolrCore; [store1] webapp=/solr path=/admin/file/ params={file=admin-extra.html&_=1378584659372} status=404 QTime=1 
INFO  - 2013-09-07 16:11:02.659; org.apache.solr.core.SolrCore; [store1] webapp=/solr path=/select params={indent=true&q=*:*&_=1378584662654&wt=json} hits=0 status=0 QTime=1 
INFO  - 2013-09-07 16:11:06.847; org.apache.solr.core.SolrCore; [store2] webapp=/solr path=/admin/luke params={numTerms=0&_=1378584666833&show=index&wt=json} status=0 QTime=1 
INFO  - 2013-09-07 16:11:06.847; org.apache.solr.core.SolrCore; [store2] webapp=/solr path=/replication params={command=details&_=1378584666835&wt=json} status=0 QTime=1 
INFO  - 2013-09-07 16:11:06.852; org.apache.solr.core.SolrCore; [store2] webapp=/solr path=/admin/ping params={action=status&_=1378584666842&wt=json} status=503 QTime=1 
INFO  - 2013-09-07 16:11:06.852; org.apache.solr.core.SolrCore; [store2] webapp=/solr path=/admin/file/ params={file=admin-extra.html&_=1378584666839} status=404 QTime=0 
INFO  - 2013-09-07 16:11:10.157; org.apache.solr.core.SolrCore; [store2] webapp=/solr path=/select params={indent=true&q=*:*&_=1378584670151&wt=json} hits=0 status=0 QTime=1 
INFO  - 2013-09-07 16:11:14.236; org.apache.solr.core.SolrCore; [store3] webapp=/solr path=/admin/luke params={numTerms=0&_=1378584674224&show=index&wt=json} status=0 QTime=1 
INFO  - 2013-09-07 16:11:14.240; org.apache.solr.core.SolrCore; [store3] webapp=/solr path=/replication params={command=details&_=1378584674225&wt=json} status=0 QTime=1 
INFO  - 2013-09-07 16:11:14.240; org.apache.solr.core.SolrCore; [store3] webapp=/solr path=/admin/file/ params={file=admin-extra.html&_=1378584674229} status=404 QTime=0 
INFO  - 2013-09-07 16:11:14.240; org.apache.solr.core.SolrCore; [store3] webapp=/solr path=/admin/ping params={action=status&_=1378584674232&wt=json} status=503 QTime=0 
INFO  - 2013-09-07 16:11:18.558; org.apache.solr.core.SolrCore; [store3] webapp=/solr path=/select params={indent=true&q=*:*&_=1378584678553&wt=json} hits=0 status=0 QTime=0 
INFO  - 2013-09-07 16:11:26.637; org.eclipse.jetty.server.Server; Graceful shutdown SocketConnector@0.0.0.0:8983
INFO  - 2013-09-07 16:11:26.638; org.eclipse.jetty.server.Server; Graceful shutdown o.e.j.w.WebAppContext{/solr,file:/home/jholmberg/Projects/titan-solr-cloud-test/solr-4.4.0/example/solr-webapp/webapp/},/home/jholmberg/Projects/titan-solr-cloud-test/solr-4.4.0/example/webapps/solr.war
INFO  - 2013-09-07 16:11:27.640; org.apache.solr.core.CoreContainer; Shutting down CoreContainer instance=20321661
INFO  - 2013-09-07 16:11:27.641; org.apache.solr.core.SolrCore; [store1]  CLOSING SolrCore org.apache.solr.core.SolrCore@300460a9
INFO  - 2013-09-07 16:11:27.642; org.apache.solr.update.DirectUpdateHandler2; closing DirectUpdateHandler2{commits=0,autocommit maxTime=15000ms,autocommits=0,soft autocommits=0,optimizes=0,rollbacks=0,expungeDeletes=0,docsPending=0,adds=0,deletesById=0,deletesByQuery=0,errors=0,cumulative_adds=0,cumulative_deletesById=0,cumulative_deletesByQuery=0,cumulative_errors=0}
INFO  - 2013-09-07 16:11:27.643; org.apache.solr.update.SolrCoreState; Closing SolrCoreState
INFO  - 2013-09-07 16:11:27.643; org.apache.solr.update.DefaultSolrCoreState; SolrCoreState ref count has reached 0 - closing IndexWriter
INFO  - 2013-09-07 16:11:27.643; org.apache.solr.update.DefaultSolrCoreState; closing IndexWriter with IndexWriterCloser
INFO  - 2013-09-07 16:11:27.644; org.apache.solr.core.SolrCore; [store1] Closing main searcher on request.
INFO  - 2013-09-07 16:11:27.645; org.apache.solr.core.CachingDirectoryFactory; Closing NRTCachingDirectoryFactory - 2 directories currently being tracked
INFO  - 2013-09-07 16:11:27.646; org.apache.solr.core.CachingDirectoryFactory; looking to close /home/jholmberg/Projects/titan-solr-cloud-test/solr-4.4.0/example/solr-titan-test/store1/data [CachedDir<<refCount=0;path=/home/jholmberg/Projects/titan-solr-cloud-test/solr-4.4.0/example/solr-titan-test/store1/data;done=false>>]
INFO  - 2013-09-07 16:11:27.647; org.apache.solr.core.CachingDirectoryFactory; Closing directory: /home/jholmberg/Projects/titan-solr-cloud-test/solr-4.4.0/example/solr-titan-test/store1/data
INFO  - 2013-09-07 16:11:27.647; org.apache.solr.core.CachingDirectoryFactory; looking to close /home/jholmberg/Projects/titan-solr-cloud-test/solr-4.4.0/example/solr-titan-test/store1/data/index [CachedDir<<refCount=0;path=/home/jholmberg/Projects/titan-solr-cloud-test/solr-4.4.0/example/solr-titan-test/store1/data/index;done=false>>]
INFO  - 2013-09-07 16:11:27.648; org.apache.solr.core.CachingDirectoryFactory; Closing directory: /home/jholmberg/Projects/titan-solr-cloud-test/solr-4.4.0/example/solr-titan-test/store1/data/index
INFO  - 2013-09-07 16:11:27.648; org.apache.solr.core.SolrCore; [store2]  CLOSING SolrCore org.apache.solr.core.SolrCore@173f1afb
INFO  - 2013-09-07 16:11:27.649; org.apache.solr.update.DirectUpdateHandler2; closing DirectUpdateHandler2{commits=0,autocommit maxTime=15000ms,autocommits=0,soft autocommits=0,optimizes=0,rollbacks=0,expungeDeletes=0,docsPending=0,adds=0,deletesById=0,deletesByQuery=0,errors=0,cumulative_adds=0,cumulative_deletesById=0,cumulative_deletesByQuery=0,cumulative_errors=0}
INFO  - 2013-09-07 16:11:27.650; org.apache.solr.update.SolrCoreState; Closing SolrCoreState
INFO  - 2013-09-07 16:11:27.650; org.apache.solr.update.DefaultSolrCoreState; SolrCoreState ref count has reached 0 - closing IndexWriter
INFO  - 2013-09-07 16:11:27.650; org.apache.solr.update.DefaultSolrCoreState; closing IndexWriter with IndexWriterCloser
INFO  - 2013-09-07 16:11:27.651; org.apache.solr.core.SolrCore; [store2] Closing main searcher on request.
INFO  - 2013-09-07 16:11:27.652; org.apache.solr.core.CachingDirectoryFactory; Closing NRTCachingDirectoryFactory - 2 directories currently being tracked
INFO  - 2013-09-07 16:11:27.652; org.apache.solr.core.CachingDirectoryFactory; looking to close /home/jholmberg/Projects/titan-solr-cloud-test/solr-4.4.0/example/solr-titan-test/store2/data [CachedDir<<refCount=0;path=/home/jholmberg/Projects/titan-solr-cloud-test/solr-4.4.0/example/solr-titan-test/store2/data;done=false>>]
INFO  - 2013-09-07 16:11:27.653; org.apache.solr.core.CachingDirectoryFactory; Closing directory: /home/jholmberg/Projects/titan-solr-cloud-test/solr-4.4.0/example/solr-titan-test/store2/data
INFO  - 2013-09-07 16:11:27.653; org.apache.solr.core.CachingDirectoryFactory; looking to close /home/jholmberg/Projects/titan-solr-cloud-test/solr-4.4.0/example/solr-titan-test/store2/data/index [CachedDir<<refCount=0;path=/home/jholmberg/Projects/titan-solr-cloud-test/solr-4.4.0/example/solr-titan-test/store2/data/index;done=false>>]
INFO  - 2013-09-07 16:11:27.653; org.apache.solr.core.CachingDirectoryFactory; Closing directory: /home/jholmberg/Projects/titan-solr-cloud-test/solr-4.4.0/example/solr-titan-test/store2/data/index
INFO  - 2013-09-07 16:11:27.654; org.apache.solr.core.SolrCore; [store3]  CLOSING SolrCore org.apache.solr.core.SolrCore@6c7d50ba
INFO  - 2013-09-07 16:11:27.655; org.apache.solr.update.DirectUpdateHandler2; closing DirectUpdateHandler2{commits=0,autocommit maxTime=15000ms,autocommits=0,soft autocommits=0,optimizes=0,rollbacks=0,expungeDeletes=0,docsPending=0,adds=0,deletesById=0,deletesByQuery=0,errors=0,cumulative_adds=0,cumulative_deletesById=0,cumulative_deletesByQuery=0,cumulative_errors=0}
INFO  - 2013-09-07 16:11:27.655; org.apache.solr.update.SolrCoreState; Closing SolrCoreState
INFO  - 2013-09-07 16:11:27.655; org.apache.solr.update.DefaultSolrCoreState; SolrCoreState ref count has reached 0 - closing IndexWriter
INFO  - 2013-09-07 16:11:27.656; org.apache.solr.update.DefaultSolrCoreState; closing IndexWriter with IndexWriterCloser
INFO  - 2013-09-07 16:11:27.656; org.apache.solr.core.SolrCore; [store3] Closing main searcher on request.
INFO  - 2013-09-07 16:11:27.657; org.apache.solr.core.CachingDirectoryFactory; Closing NRTCachingDirectoryFactory - 2 directories currently being tracked
INFO  - 2013-09-07 16:11:27.657; org.apache.solr.core.CachingDirectoryFactory; looking to close /home/jholmberg/Projects/titan-solr-cloud-test/solr-4.4.0/example/solr-titan-test/store3/data [CachedDir<<refCount=0;path=/home/jholmberg/Projects/titan-solr-cloud-test/solr-4.4.0/example/solr-titan-test/store3/data;done=false>>]
INFO  - 2013-09-07 16:11:27.658; org.apache.solr.core.CachingDirectoryFactory; Closing directory: /home/jholmberg/Projects/titan-solr-cloud-test/solr-4.4.0/example/solr-titan-test/store3/data
INFO  - 2013-09-07 16:11:27.658; org.apache.solr.core.CachingDirectoryFactory; looking to close /home/jholmberg/Projects/titan-solr-cloud-test/solr-4.4.0/example/solr-titan-test/store3/data/index [CachedDir<<refCount=0;path=/home/jholmberg/Projects/titan-solr-cloud-test/solr-4.4.0/example/solr-titan-test/store3/data/index;done=false>>]
INFO  - 2013-09-07 16:11:27.659; org.apache.solr.core.CachingDirectoryFactory; Closing directory: /home/jholmberg/Projects/titan-solr-cloud-test/solr-4.4.0/example/solr-titan-test/store3/data/index
INFO  - 2013-09-07 16:11:27.659; org.apache.solr.core.SolrCore; [store]  CLOSING SolrCore org.apache.solr.core.SolrCore@22758f08
INFO  - 2013-09-07 16:11:27.660; org.apache.solr.update.DirectUpdateHandler2; closing DirectUpdateHandler2{commits=0,autocommit maxTime=15000ms,autocommits=0,soft autocommits=0,optimizes=0,rollbacks=0,expungeDeletes=0,docsPending=0,adds=0,deletesById=0,deletesByQuery=0,errors=0,cumulative_adds=0,cumulative_deletesById=0,cumulative_deletesByQuery=0,cumulative_errors=0}
INFO  - 2013-09-07 16:11:27.660; org.apache.solr.update.SolrCoreState; Closing SolrCoreState
INFO  - 2013-09-07 16:11:27.661; org.apache.solr.update.DefaultSolrCoreState; SolrCoreState ref count has reached 0 - closing IndexWriter
INFO  - 2013-09-07 16:11:27.661; org.apache.solr.update.DefaultSolrCoreState; closing IndexWriter with IndexWriterCloser
INFO  - 2013-09-07 16:11:27.662; org.apache.solr.core.SolrCore; [store] Closing main searcher on request.
INFO  - 2013-09-07 16:11:27.662; org.apache.solr.core.CachingDirectoryFactory; Closing NRTCachingDirectoryFactory - 2 directories currently being tracked
INFO  - 2013-09-07 16:11:27.663; org.apache.solr.core.CachingDirectoryFactory; looking to close /home/jholmberg/Projects/titan-solr-cloud-test/solr-4.4.0/example/solr-titan-test/store/data [CachedDir<<refCount=0;path=/home/jholmberg/Projects/titan-solr-cloud-test/solr-4.4.0/example/solr-titan-test/store/data;done=false>>]
INFO  - 2013-09-07 16:11:27.663; org.apache.solr.core.CachingDirectoryFactory; Closing directory: /home/jholmberg/Projects/titan-solr-cloud-test/solr-4.4.0/example/solr-titan-test/store/data
INFO  - 2013-09-07 16:11:27.663; org.apache.solr.core.CachingDirectoryFactory; looking to close /home/jholmberg/Projects/titan-solr-cloud-test/solr-4.4.0/example/solr-titan-test/store/data/index [CachedDir<<refCount=0;path=/home/jholmberg/Projects/titan-solr-cloud-test/solr-4.4.0/example/solr-titan-test/store/data/index;done=false>>]
INFO  - 2013-09-07 16:11:27.664; org.apache.solr.core.CachingDirectoryFactory; Closing directory: /home/jholmberg/Projects/titan-solr-cloud-test/solr-4.4.0/example/solr-titan-test/store/data/index
INFO  - 2013-09-07 16:11:27.666; org.eclipse.jetty.server.handler.ContextHandler; stopped o.e.j.w.WebAppContext{/solr,file:/home/jholmberg/Projects/titan-solr-cloud-test/solr-4.4.0/example/solr-webapp/webapp/},/home/jholmberg/Projects/titan-solr-cloud-test/solr-4.4.0/example/webapps/solr.war
INFO  - 2013-09-07 16:12:42.195; org.eclipse.jetty.server.Server; jetty-8.1.10.v20130312
INFO  - 2013-09-07 16:12:42.212; org.eclipse.jetty.deploy.providers.ScanningAppProvider; Deployment monitor /home/jholmberg/Projects/titan-solr-cloud-test/solr-4.4.0/example/contexts at interval 0
INFO  - 2013-09-07 16:12:42.216; org.eclipse.jetty.deploy.DeploymentManager; Deployable added: /home/jholmberg/Projects/titan-solr-cloud-test/solr-4.4.0/example/contexts/solr-jetty-context.xml
INFO  - 2013-09-07 16:12:43.073; org.eclipse.jetty.webapp.StandardDescriptorProcessor; NO JSP Support for /solr, did not find org.apache.jasper.servlet.JspServlet
INFO  - 2013-09-07 16:12:43.102; org.apache.solr.servlet.SolrDispatchFilter; SolrDispatchFilter.init()
INFO  - 2013-09-07 16:12:43.117; org.apache.solr.core.SolrResourceLoader; JNDI not configured for solr (NoInitialContextEx)
INFO  - 2013-09-07 16:12:43.118; org.apache.solr.core.SolrResourceLoader; using system property solr.solr.home: solr-titan-test
INFO  - 2013-09-07 16:12:43.118; org.apache.solr.core.SolrResourceLoader; new SolrResourceLoader for directory: 'solr-titan-test/'
INFO  - 2013-09-07 16:12:43.202; org.apache.solr.core.ConfigSolr; Loading container configuration from /home/jholmberg/Projects/titan-solr-cloud-test/solr-4.4.0/example/solr-titan-test/solr.xml
INFO  - 2013-09-07 16:12:43.267; org.apache.solr.core.SolrCoreDiscoverer; Looking for cores in /home/jholmberg/Projects/titan-solr-cloud-test/solr-4.4.0/example/solr-titan-test
INFO  - 2013-09-07 16:12:43.268; org.apache.solr.core.SolrCoreDiscoverer; Discovered properties file /home/jholmberg/Projects/titan-solr-cloud-test/solr-4.4.0/example/solr-titan-test/store2/core.properties, adding to cores
INFO  - 2013-09-07 16:12:43.269; org.apache.solr.core.SolrCoreDiscoverer; Discovered properties file /home/jholmberg/Projects/titan-solr-cloud-test/solr-4.4.0/example/solr-titan-test/store1/core.properties, adding to cores
INFO  - 2013-09-07 16:12:43.269; org.apache.solr.core.SolrCoreDiscoverer; Discovered properties file /home/jholmberg/Projects/titan-solr-cloud-test/solr-4.4.0/example/solr-titan-test/store3/core.properties, adding to cores
INFO  - 2013-09-07 16:12:43.270; org.apache.solr.core.SolrCoreDiscoverer; Discovered properties file /home/jholmberg/Projects/titan-solr-cloud-test/solr-4.4.0/example/solr-titan-test/store/core.properties, adding to cores
INFO  - 2013-09-07 16:12:43.273; org.apache.solr.core.CoreContainer; New CoreContainer 1482553286
INFO  - 2013-09-07 16:12:43.274; org.apache.solr.core.CoreContainer; Loading cores into CoreContainer [instanceDir=solr-titan-test/]
INFO  - 2013-09-07 16:12:43.283; org.apache.solr.handler.component.HttpShardHandlerFactory; Setting socketTimeout to: 0
INFO  - 2013-09-07 16:12:43.284; org.apache.solr.handler.component.HttpShardHandlerFactory; Setting urlScheme to: http://
INFO  - 2013-09-07 16:12:43.284; org.apache.solr.handler.component.HttpShardHandlerFactory; Setting connTimeout to: 0
INFO  - 2013-09-07 16:12:43.284; org.apache.solr.handler.component.HttpShardHandlerFactory; Setting maxConnectionsPerHost to: 20
INFO  - 2013-09-07 16:12:43.284; org.apache.solr.handler.component.HttpShardHandlerFactory; Setting corePoolSize to: 0
INFO  - 2013-09-07 16:12:43.285; org.apache.solr.handler.component.HttpShardHandlerFactory; Setting maximumPoolSize to: 2147483647
INFO  - 2013-09-07 16:12:43.285; org.apache.solr.handler.component.HttpShardHandlerFactory; Setting maxThreadIdleTime to: 5
INFO  - 2013-09-07 16:12:43.285; org.apache.solr.handler.component.HttpShardHandlerFactory; Setting sizeOfQueue to: -1
INFO  - 2013-09-07 16:12:43.285; org.apache.solr.handler.component.HttpShardHandlerFactory; Setting fairnessPolicy to: false
INFO  - 2013-09-07 16:12:43.290; org.apache.solr.client.solrj.impl.HttpClientUtil; Creating new http client, config:maxConnectionsPerHost=20&maxConnections=10000&socketTimeout=0&connTimeout=0&retry=false
INFO  - 2013-09-07 16:12:43.382; org.apache.solr.logging.LogWatcher; Registering Log Listener [Log4j (org.slf4j.impl.Log4jLoggerFactory)]
INFO  - 2013-09-07 16:12:43.394; org.apache.solr.core.CoreContainer; Creating SolrCore 'store3' using instanceDir: /home/jholmberg/Projects/titan-solr-cloud-test/solr-4.4.0/example/solr-titan-test/store3
INFO  - 2013-09-07 16:12:43.394; org.apache.solr.core.CoreContainer; Creating SolrCore 'store2' using instanceDir: /home/jholmberg/Projects/titan-solr-cloud-test/solr-4.4.0/example/solr-titan-test/store2
INFO  - 2013-09-07 16:12:43.394; org.apache.solr.core.SolrResourceLoader; new SolrResourceLoader for directory: '/home/jholmberg/Projects/titan-solr-cloud-test/solr-4.4.0/example/solr-titan-test/store3/'
INFO  - 2013-09-07 16:12:43.395; org.apache.solr.core.CoreContainer; Creating SolrCore 'store1' using instanceDir: /home/jholmberg/Projects/titan-solr-cloud-test/solr-4.4.0/example/solr-titan-test/store1
INFO  - 2013-09-07 16:12:43.394; org.apache.solr.core.SolrResourceLoader; new SolrResourceLoader for directory: '/home/jholmberg/Projects/titan-solr-cloud-test/solr-4.4.0/example/solr-titan-test/store2/'
INFO  - 2013-09-07 16:12:43.395; org.apache.solr.core.SolrResourceLoader; new SolrResourceLoader for directory: '/home/jholmberg/Projects/titan-solr-cloud-test/solr-4.4.0/example/solr-titan-test/store1/'
INFO  - 2013-09-07 16:12:43.546; org.apache.solr.update.SolrIndexConfig; IndexWriter infoStream solr logging is enabled
INFO  - 2013-09-07 16:12:43.550; org.apache.solr.core.SolrConfig; Using Lucene MatchVersion: LUCENE_44
INFO  - 2013-09-07 16:12:43.558; org.apache.solr.update.SolrIndexConfig; IndexWriter infoStream solr logging is enabled
INFO  - 2013-09-07 16:12:43.560; org.apache.solr.update.SolrIndexConfig; IndexWriter infoStream solr logging is enabled
INFO  - 2013-09-07 16:12:43.562; org.apache.solr.core.SolrConfig; Using Lucene MatchVersion: LUCENE_44
INFO  - 2013-09-07 16:12:43.564; org.apache.solr.core.SolrConfig; Using Lucene MatchVersion: LUCENE_44
INFO  - 2013-09-07 16:12:43.655; org.apache.solr.core.SolrConfig; Loaded SolrConfig: solrconfig.xml
INFO  - 2013-09-07 16:12:43.659; org.apache.solr.core.SolrConfig; Loaded SolrConfig: solrconfig.xml
INFO  - 2013-09-07 16:12:43.660; org.apache.solr.schema.IndexSchema; Reading Solr Schema from schema.xml
INFO  - 2013-09-07 16:12:43.660; org.apache.solr.schema.IndexSchema; Reading Solr Schema from schema.xml
INFO  - 2013-09-07 16:12:43.662; org.apache.solr.core.SolrConfig; Loaded SolrConfig: solrconfig.xml
INFO  - 2013-09-07 16:12:43.662; org.apache.solr.schema.IndexSchema; Reading Solr Schema from schema.xml
INFO  - 2013-09-07 16:12:43.677; org.apache.solr.schema.IndexSchema; [store3] Schema name=titanIndex
INFO  - 2013-09-07 16:12:43.680; org.apache.solr.schema.IndexSchema; [store2] Schema name=titanIndex
INFO  - 2013-09-07 16:12:43.686; org.apache.solr.schema.IndexSchema; [store1] Schema name=titanIndex
INFO  - 2013-09-07 16:12:43.858; org.apache.solr.schema.IndexSchema; default search field in schema is text
INFO  - 2013-09-07 16:12:43.858; org.apache.solr.schema.IndexSchema; default search field in schema is text
INFO  - 2013-09-07 16:12:43.858; org.apache.solr.schema.IndexSchema; default search field in schema is text
INFO  - 2013-09-07 16:12:43.859; org.apache.solr.schema.IndexSchema; query parser default operator is OR
INFO  - 2013-09-07 16:12:43.859; org.apache.solr.schema.IndexSchema; query parser default operator is OR
INFO  - 2013-09-07 16:12:43.859; org.apache.solr.schema.IndexSchema; query parser default operator is OR
INFO  - 2013-09-07 16:12:43.860; org.apache.solr.schema.IndexSchema; unique key field: document_id
INFO  - 2013-09-07 16:12:43.860; org.apache.solr.schema.IndexSchema; unique key field: document_id
INFO  - 2013-09-07 16:12:43.860; org.apache.solr.schema.IndexSchema; unique key field: document_id
INFO  - 2013-09-07 16:12:43.921; org.apache.solr.core.SolrCore; solr.NRTCachingDirectoryFactory
INFO  - 2013-09-07 16:12:43.921; org.apache.solr.core.SolrCore; solr.NRTCachingDirectoryFactory
INFO  - 2013-09-07 16:12:43.921; org.apache.solr.core.SolrCore; solr.NRTCachingDirectoryFactory
INFO  - 2013-09-07 16:12:43.928; org.apache.solr.core.SolrCore; [store2] Opening new SolrCore at /home/jholmberg/Projects/titan-solr-cloud-test/solr-4.4.0/example/solr-titan-test/store2/, dataDir=/home/jholmberg/Projects/titan-solr-cloud-test/solr-4.4.0/example/solr-titan-test/store2/data/
INFO  - 2013-09-07 16:12:43.928; org.apache.solr.core.SolrCore; [store3] Opening new SolrCore at /home/jholmberg/Projects/titan-solr-cloud-test/solr-4.4.0/example/solr-titan-test/store3/, dataDir=/home/jholmberg/Projects/titan-solr-cloud-test/solr-4.4.0/example/solr-titan-test/store3/data/
INFO  - 2013-09-07 16:12:43.928; org.apache.solr.core.SolrCore; [store1] Opening new SolrCore at /home/jholmberg/Projects/titan-solr-cloud-test/solr-4.4.0/example/solr-titan-test/store1/, dataDir=/home/jholmberg/Projects/titan-solr-cloud-test/solr-4.4.0/example/solr-titan-test/store1/data/
INFO  - 2013-09-07 16:12:43.929; org.apache.solr.core.JmxMonitoredMap; No JMX servers found, not exposing Solr information with JMX.
INFO  - 2013-09-07 16:12:43.929; org.apache.solr.core.JmxMonitoredMap; No JMX servers found, not exposing Solr information with JMX.
INFO  - 2013-09-07 16:12:43.929; org.apache.solr.core.JmxMonitoredMap; No JMX servers found, not exposing Solr information with JMX.
INFO  - 2013-09-07 16:12:43.934; org.apache.solr.core.SolrCore; [store1] Added SolrEventListener for newSearcher: org.apache.solr.core.QuerySenderListener{queries=[]}
INFO  - 2013-09-07 16:12:43.934; org.apache.solr.core.SolrCore; [store1] Added SolrEventListener for firstSearcher: org.apache.solr.core.QuerySenderListener{queries=[{q=static firstSearcher warming in solrconfig.xml}]}
INFO  - 2013-09-07 16:12:43.934; org.apache.solr.core.SolrCore; [store2] Added SolrEventListener for newSearcher: org.apache.solr.core.QuerySenderListener{queries=[]}
INFO  - 2013-09-07 16:12:43.934; org.apache.solr.core.SolrCore; [store2] Added SolrEventListener for firstSearcher: org.apache.solr.core.QuerySenderListener{queries=[{q=static firstSearcher warming in solrconfig.xml}]}
INFO  - 2013-09-07 16:12:43.934; org.apache.solr.core.SolrCore; [store3] Added SolrEventListener for newSearcher: org.apache.solr.core.QuerySenderListener{queries=[]}
INFO  - 2013-09-07 16:12:43.934; org.apache.solr.core.SolrCore; [store3] Added SolrEventListener for firstSearcher: org.apache.solr.core.QuerySenderListener{queries=[{q=static firstSearcher warming in solrconfig.xml}]}
INFO  - 2013-09-07 16:12:43.945; org.apache.solr.core.CachingDirectoryFactory; return new directory for /home/jholmberg/Projects/titan-solr-cloud-test/solr-4.4.0/example/solr-titan-test/store2/data
INFO  - 2013-09-07 16:12:43.945; org.apache.solr.core.CachingDirectoryFactory; return new directory for /home/jholmberg/Projects/titan-solr-cloud-test/solr-4.4.0/example/solr-titan-test/store3/data
INFO  - 2013-09-07 16:12:43.945; org.apache.solr.core.CachingDirectoryFactory; return new directory for /home/jholmberg/Projects/titan-solr-cloud-test/solr-4.4.0/example/solr-titan-test/store1/data
INFO  - 2013-09-07 16:12:43.946; org.apache.solr.core.SolrCore; New index directory detected: old=null new=/home/jholmberg/Projects/titan-solr-cloud-test/solr-4.4.0/example/solr-titan-test/store3/data/index/
INFO  - 2013-09-07 16:12:43.946; org.apache.solr.core.SolrCore; New index directory detected: old=null new=/home/jholmberg/Projects/titan-solr-cloud-test/solr-4.4.0/example/solr-titan-test/store2/data/index/
INFO  - 2013-09-07 16:12:43.946; org.apache.solr.core.SolrCore; New index directory detected: old=null new=/home/jholmberg/Projects/titan-solr-cloud-test/solr-4.4.0/example/solr-titan-test/store1/data/index/
INFO  - 2013-09-07 16:12:43.946; org.apache.solr.core.CachingDirectoryFactory; return new directory for /home/jholmberg/Projects/titan-solr-cloud-test/solr-4.4.0/example/solr-titan-test/store2/data/index
INFO  - 2013-09-07 16:12:43.946; org.apache.solr.core.CachingDirectoryFactory; return new directory for /home/jholmberg/Projects/titan-solr-cloud-test/solr-4.4.0/example/solr-titan-test/store3/data/index
INFO  - 2013-09-07 16:12:43.946; org.apache.solr.core.CachingDirectoryFactory; return new directory for /home/jholmberg/Projects/titan-solr-cloud-test/solr-4.4.0/example/solr-titan-test/store1/data/index
INFO  - 2013-09-07 16:12:43.955; org.apache.solr.core.SolrCore; created json: solr.JSONResponseWriter
INFO  - 2013-09-07 16:12:43.955; org.apache.solr.core.SolrCore; adding lazy queryResponseWriter: solr.VelocityResponseWriter
INFO  - 2013-09-07 16:12:43.955; org.apache.solr.core.SolrCore; created velocity: solr.VelocityResponseWriter
INFO  - 2013-09-07 16:12:43.956; org.apache.solr.core.SolrCore; created json: solr.JSONResponseWriter
INFO  - 2013-09-07 16:12:43.956; org.apache.solr.core.SolrCore; adding lazy queryResponseWriter: solr.VelocityResponseWriter
INFO  - 2013-09-07 16:12:43.956; org.apache.solr.core.SolrCore; created json: solr.JSONResponseWriter
INFO  - 2013-09-07 16:12:43.956; org.apache.solr.core.SolrCore; created velocity: solr.VelocityResponseWriter
INFO  - 2013-09-07 16:12:43.956; org.apache.solr.core.SolrCore; adding lazy queryResponseWriter: solr.VelocityResponseWriter
INFO  - 2013-09-07 16:12:43.957; org.apache.solr.core.SolrCore; created velocity: solr.VelocityResponseWriter
INFO  - 2013-09-07 16:12:43.960; org.apache.solr.core.SolrCore; created xslt: solr.XSLTResponseWriter
INFO  - 2013-09-07 16:12:43.960; org.apache.solr.core.SolrCore; created xslt: solr.XSLTResponseWriter
INFO  - 2013-09-07 16:12:43.960; org.apache.solr.response.XSLTResponseWriter; xsltCacheLifetimeSeconds=5
INFO  - 2013-09-07 16:12:43.960; org.apache.solr.core.SolrCore; created xslt: solr.XSLTResponseWriter
INFO  - 2013-09-07 16:12:43.960; org.apache.solr.response.XSLTResponseWriter; xsltCacheLifetimeSeconds=5
INFO  - 2013-09-07 16:12:43.960; org.apache.solr.response.XSLTResponseWriter; xsltCacheLifetimeSeconds=5
INFO  - 2013-09-07 16:12:44.044; org.apache.solr.core.RequestHandlers; created /select: solr.SearchHandler
INFO  - 2013-09-07 16:12:44.044; org.apache.solr.core.RequestHandlers; created /query: solr.SearchHandler
INFO  - 2013-09-07 16:12:44.045; org.apache.solr.core.RequestHandlers; created /select: solr.SearchHandler
INFO  - 2013-09-07 16:12:44.045; org.apache.solr.core.RequestHandlers; created /query: solr.SearchHandler
INFO  - 2013-09-07 16:12:44.046; org.apache.solr.core.RequestHandlers; created /select: solr.SearchHandler
INFO  - 2013-09-07 16:12:44.046; org.apache.solr.core.RequestHandlers; created /query: solr.SearchHandler
INFO  - 2013-09-07 16:12:44.046; org.apache.solr.core.RequestHandlers; created /get: solr.RealTimeGetHandler
INFO  - 2013-09-07 16:12:44.046; org.apache.solr.core.RequestHandlers; created /get: solr.RealTimeGetHandler
INFO  - 2013-09-07 16:12:44.046; org.apache.solr.core.RequestHandlers; created /browse: solr.SearchHandler
INFO  - 2013-09-07 16:12:44.046; org.apache.solr.core.RequestHandlers; created /browse: solr.SearchHandler
INFO  - 2013-09-07 16:12:44.046; org.apache.solr.core.RequestHandlers; created /get: solr.RealTimeGetHandler
INFO  - 2013-09-07 16:12:44.047; org.apache.solr.core.RequestHandlers; created /browse: solr.SearchHandler
INFO  - 2013-09-07 16:12:44.049; org.apache.solr.core.RequestHandlers; created /update: solr.UpdateRequestHandler
INFO  - 2013-09-07 16:12:44.049; org.apache.solr.core.RequestHandlers; created /update: solr.UpdateRequestHandler
INFO  - 2013-09-07 16:12:44.049; org.apache.solr.core.RequestHandlers; created /update: solr.UpdateRequestHandler
INFO  - 2013-09-07 16:12:44.051; org.apache.solr.core.RequestHandlers; created /update/json: solr.JsonUpdateRequestHandler
INFO  - 2013-09-07 16:12:44.051; org.apache.solr.core.RequestHandlers; created /update/json: solr.JsonUpdateRequestHandler
INFO  - 2013-09-07 16:12:44.052; org.apache.solr.core.RequestHandlers; created /update/json: solr.JsonUpdateRequestHandler
INFO  - 2013-09-07 16:12:44.053; org.apache.solr.core.RequestHandlers; created /update/csv: solr.CSVRequestHandler
INFO  - 2013-09-07 16:12:44.053; org.apache.solr.core.RequestHandlers; created /update/csv: solr.CSVRequestHandler
INFO  - 2013-09-07 16:12:44.053; org.apache.solr.core.RequestHandlers; adding lazy requestHandler: solr.extraction.ExtractingRequestHandler
INFO  - 2013-09-07 16:12:44.053; org.apache.solr.core.RequestHandlers; created /update/csv: solr.CSVRequestHandler
INFO  - 2013-09-07 16:12:44.053; org.apache.solr.core.RequestHandlers; adding lazy requestHandler: solr.extraction.ExtractingRequestHandler
INFO  - 2013-09-07 16:12:44.054; org.apache.solr.core.RequestHandlers; adding lazy requestHandler: solr.extraction.ExtractingRequestHandler
INFO  - 2013-09-07 16:12:44.054; org.apache.solr.core.RequestHandlers; created /update/extract: solr.extraction.ExtractingRequestHandler
INFO  - 2013-09-07 16:12:44.054; org.apache.solr.core.RequestHandlers; created /update/extract: solr.extraction.ExtractingRequestHandler
INFO  - 2013-09-07 16:12:44.054; org.apache.solr.core.RequestHandlers; adding lazy requestHandler: solr.FieldAnalysisRequestHandler
INFO  - 2013-09-07 16:12:44.054; org.apache.solr.core.RequestHandlers; created /update/extract: solr.extraction.ExtractingRequestHandler
INFO  - 2013-09-07 16:12:44.054; org.apache.solr.core.RequestHandlers; created /analysis/field: solr.FieldAnalysisRequestHandler
INFO  - 2013-09-07 16:12:44.054; org.apache.solr.core.RequestHandlers; adding lazy requestHandler: solr.FieldAnalysisRequestHandler
INFO  - 2013-09-07 16:12:44.055; org.apache.solr.core.RequestHandlers; adding lazy requestHandler: solr.DocumentAnalysisRequestHandler
INFO  - 2013-09-07 16:12:44.054; org.apache.solr.core.RequestHandlers; adding lazy requestHandler: solr.FieldAnalysisRequestHandler
INFO  - 2013-09-07 16:12:44.055; org.apache.solr.core.RequestHandlers; created /analysis/document: solr.DocumentAnalysisRequestHandler
INFO  - 2013-09-07 16:12:44.055; org.apache.solr.core.RequestHandlers; created /analysis/field: solr.FieldAnalysisRequestHandler
INFO  - 2013-09-07 16:12:44.055; org.apache.solr.core.RequestHandlers; created /analysis/field: solr.FieldAnalysisRequestHandler
INFO  - 2013-09-07 16:12:44.055; org.apache.solr.core.RequestHandlers; adding lazy requestHandler: solr.DocumentAnalysisRequestHandler
INFO  - 2013-09-07 16:12:44.055; org.apache.solr.core.RequestHandlers; adding lazy requestHandler: solr.DocumentAnalysisRequestHandler
INFO  - 2013-09-07 16:12:44.056; org.apache.solr.core.RequestHandlers; created /analysis/document: solr.DocumentAnalysisRequestHandler
INFO  - 2013-09-07 16:12:44.056; org.apache.solr.core.RequestHandlers; created /analysis/document: solr.DocumentAnalysisRequestHandler
INFO  - 2013-09-07 16:12:44.057; org.apache.solr.core.RequestHandlers; created /admin/: solr.admin.AdminHandlers
INFO  - 2013-09-07 16:12:44.057; org.apache.solr.core.RequestHandlers; created /admin/: solr.admin.AdminHandlers
INFO  - 2013-09-07 16:12:44.058; org.apache.solr.core.RequestHandlers; created /admin/: solr.admin.AdminHandlers
INFO  - 2013-09-07 16:12:44.059; org.apache.solr.core.RequestHandlers; created /admin/ping: solr.PingRequestHandler
INFO  - 2013-09-07 16:12:44.060; org.apache.solr.core.RequestHandlers; created /admin/ping: solr.PingRequestHandler
INFO  - 2013-09-07 16:12:44.060; org.apache.solr.core.RequestHandlers; created /admin/ping: solr.PingRequestHandler
INFO  - 2013-09-07 16:12:44.061; org.apache.solr.core.RequestHandlers; created /debug/dump: solr.DumpRequestHandler
INFO  - 2013-09-07 16:12:44.062; org.apache.solr.core.RequestHandlers; created /debug/dump: solr.DumpRequestHandler
INFO  - 2013-09-07 16:12:44.063; org.apache.solr.core.RequestHandlers; created /debug/dump: solr.DumpRequestHandler
INFO  - 2013-09-07 16:12:44.069; org.apache.solr.core.RequestHandlers; created /replication: solr.ReplicationHandler
INFO  - 2013-09-07 16:12:44.069; org.apache.solr.core.RequestHandlers; adding lazy requestHandler: solr.SearchHandler
INFO  - 2013-09-07 16:12:44.069; org.apache.solr.core.RequestHandlers; created /spell: solr.SearchHandler
INFO  - 2013-09-07 16:12:44.069; org.apache.solr.core.RequestHandlers; adding lazy requestHandler: solr.SearchHandler
INFO  - 2013-09-07 16:12:44.069; org.apache.solr.core.RequestHandlers; created /replication: solr.ReplicationHandler
INFO  - 2013-09-07 16:12:44.069; org.apache.solr.core.RequestHandlers; created /replication: solr.ReplicationHandler
INFO  - 2013-09-07 16:12:44.070; org.apache.solr.core.RequestHandlers; adding lazy requestHandler: solr.SearchHandler
INFO  - 2013-09-07 16:12:44.070; org.apache.solr.core.RequestHandlers; created /spell: solr.SearchHandler
INFO  - 2013-09-07 16:12:44.070; org.apache.solr.core.RequestHandlers; adding lazy requestHandler: solr.SearchHandler
INFO  - 2013-09-07 16:12:44.070; org.apache.solr.core.RequestHandlers; created /tvrh: solr.SearchHandler
INFO  - 2013-09-07 16:12:44.070; org.apache.solr.core.RequestHandlers; adding lazy requestHandler: solr.SearchHandler
INFO  - 2013-09-07 16:12:44.069; org.apache.solr.core.RequestHandlers; created /tvrh: solr.SearchHandler
INFO  - 2013-09-07 16:12:44.070; org.apache.solr.core.RequestHandlers; created /terms: solr.SearchHandler
INFO  - 2013-09-07 16:12:44.071; org.apache.solr.core.RequestHandlers; adding lazy requestHandler: solr.SearchHandler
INFO  - 2013-09-07 16:12:44.070; org.apache.solr.core.RequestHandlers; adding lazy requestHandler: solr.SearchHandler
INFO  - 2013-09-07 16:12:44.071; org.apache.solr.core.RequestHandlers; created /elevate: solr.SearchHandler
INFO  - 2013-09-07 16:12:44.071; org.apache.solr.core.RequestHandlers; adding lazy requestHandler: solr.SearchHandler
INFO  - 2013-09-07 16:12:44.071; org.apache.solr.core.RequestHandlers; created /spell: solr.SearchHandler
INFO  - 2013-09-07 16:12:44.071; org.apache.solr.core.RequestHandlers; created /terms: solr.SearchHandler
INFO  - 2013-09-07 16:12:44.071; org.apache.solr.core.RequestHandlers; adding lazy requestHandler: solr.SearchHandler
INFO  - 2013-09-07 16:12:44.072; org.apache.solr.core.RequestHandlers; adding lazy requestHandler: solr.SearchHandler
INFO  - 2013-09-07 16:12:44.072; org.apache.solr.core.RequestHandlers; created /tvrh: solr.SearchHandler
INFO  - 2013-09-07 16:12:44.072; org.apache.solr.core.RequestHandlers; created /elevate: solr.SearchHandler
INFO  - 2013-09-07 16:12:44.072; org.apache.solr.core.RequestHandlers; adding lazy requestHandler: solr.SearchHandler
INFO  - 2013-09-07 16:12:44.072; org.apache.solr.core.RequestHandlers; created /terms: solr.SearchHandler
INFO  - 2013-09-07 16:12:44.072; org.apache.solr.core.RequestHandlers; adding lazy requestHandler: solr.SearchHandler
INFO  - 2013-09-07 16:12:44.073; org.apache.solr.core.RequestHandlers; created /elevate: solr.SearchHandler
INFO  - 2013-09-07 16:12:44.082; org.apache.solr.handler.loader.XMLLoader; xsltCacheLifetimeSeconds=60
INFO  - 2013-09-07 16:12:44.082; org.apache.solr.handler.loader.XMLLoader; xsltCacheLifetimeSeconds=60
INFO  - 2013-09-07 16:12:44.082; org.apache.solr.handler.loader.XMLLoader; xsltCacheLifetimeSeconds=60
INFO  - 2013-09-07 16:12:44.084; org.apache.solr.handler.loader.XMLLoader; xsltCacheLifetimeSeconds=60
INFO  - 2013-09-07 16:12:44.084; org.apache.solr.handler.loader.XMLLoader; xsltCacheLifetimeSeconds=60
INFO  - 2013-09-07 16:12:44.084; org.apache.solr.handler.loader.XMLLoader; xsltCacheLifetimeSeconds=60
INFO  - 2013-09-07 16:12:44.084; org.apache.solr.handler.loader.XMLLoader; xsltCacheLifetimeSeconds=60
INFO  - 2013-09-07 16:12:44.085; org.apache.solr.handler.loader.XMLLoader; xsltCacheLifetimeSeconds=60
INFO  - 2013-09-07 16:12:44.085; org.apache.solr.handler.loader.XMLLoader; xsltCacheLifetimeSeconds=60
INFO  - 2013-09-07 16:12:44.102; org.apache.solr.search.SolrIndexSearcher; Opening Searcher@70c233c2 main
INFO  - 2013-09-07 16:12:44.102; org.apache.solr.search.SolrIndexSearcher; Opening Searcher@5dd43f63 main
INFO  - 2013-09-07 16:12:44.102; org.apache.solr.search.SolrIndexSearcher; Opening Searcher@198dacb5 main
INFO  - 2013-09-07 16:12:44.119; org.apache.solr.update.CommitTracker; Hard AutoCommit: if uncommited for 15000ms; 
INFO  - 2013-09-07 16:12:44.119; org.apache.solr.update.CommitTracker; Hard AutoCommit: if uncommited for 15000ms; 
INFO  - 2013-09-07 16:12:44.119; org.apache.solr.update.CommitTracker; Hard AutoCommit: if uncommited for 15000ms; 
INFO  - 2013-09-07 16:12:44.120; org.apache.solr.update.CommitTracker; Soft AutoCommit: disabled
INFO  - 2013-09-07 16:12:44.120; org.apache.solr.update.CommitTracker; Soft AutoCommit: disabled
INFO  - 2013-09-07 16:12:44.119; org.apache.solr.update.CommitTracker; Soft AutoCommit: disabled
INFO  - 2013-09-07 16:12:44.121; org.apache.solr.handler.component.SpellCheckComponent; Initializing spell checkers
INFO  - 2013-09-07 16:12:44.120; org.apache.solr.handler.component.SpellCheckComponent; Initializing spell checkers
INFO  - 2013-09-07 16:12:44.120; org.apache.solr.handler.component.SpellCheckComponent; Initializing spell checkers
INFO  - 2013-09-07 16:12:44.128; org.apache.solr.spelling.DirectSolrSpellChecker; init: {name=default,field=text,classname=solr.DirectSolrSpellChecker,distanceMeasure=internal,accuracy=0.5,maxEdits=2,minPrefix=1,maxInspections=5,minQueryLength=4,maxQueryFrequency=0.01}
INFO  - 2013-09-07 16:12:44.128; org.apache.solr.spelling.DirectSolrSpellChecker; init: {name=default,field=text,classname=solr.DirectSolrSpellChecker,distanceMeasure=internal,accuracy=0.5,maxEdits=2,minPrefix=1,maxInspections=5,minQueryLength=4,maxQueryFrequency=0.01}
INFO  - 2013-09-07 16:12:44.128; org.apache.solr.spelling.DirectSolrSpellChecker; init: {name=default,field=text,classname=solr.DirectSolrSpellChecker,distanceMeasure=internal,accuracy=0.5,maxEdits=2,minPrefix=1,maxInspections=5,minQueryLength=4,maxQueryFrequency=0.01}
INFO  - 2013-09-07 16:12:44.135; org.apache.solr.handler.component.SpellCheckComponent; No queryConverter defined, using default converter
INFO  - 2013-09-07 16:12:44.136; org.apache.solr.handler.component.SpellCheckComponent; No queryConverter defined, using default converter
INFO  - 2013-09-07 16:12:44.136; org.apache.solr.handler.component.SpellCheckComponent; No queryConverter defined, using default converter
INFO  - 2013-09-07 16:12:44.137; org.apache.solr.handler.component.QueryElevationComponent; Loading QueryElevation from: /home/jholmberg/Projects/titan-solr-cloud-test/solr-4.4.0/example/solr-titan-test/store3/conf/elevate.xml
INFO  - 2013-09-07 16:12:44.137; org.apache.solr.handler.component.QueryElevationComponent; Loading QueryElevation from: /home/jholmberg/Projects/titan-solr-cloud-test/solr-4.4.0/example/solr-titan-test/store2/conf/elevate.xml
INFO  - 2013-09-07 16:12:44.137; org.apache.solr.handler.component.QueryElevationComponent; Loading QueryElevation from: /home/jholmberg/Projects/titan-solr-cloud-test/solr-4.4.0/example/solr-titan-test/store1/conf/elevate.xml
INFO  - 2013-09-07 16:12:44.167; org.apache.solr.handler.ReplicationHandler; Commits will be reserved for  10000
INFO  - 2013-09-07 16:12:44.167; org.apache.solr.handler.ReplicationHandler; Commits will be reserved for  10000
INFO  - 2013-09-07 16:12:44.167; org.apache.solr.handler.ReplicationHandler; Commits will be reserved for  10000
INFO  - 2013-09-07 16:12:44.167; org.apache.solr.core.QuerySenderListener; QuerySenderListener sending requests to Searcher@5dd43f63 main{StandardDirectoryReader(segments_1:1)}
INFO  - 2013-09-07 16:12:44.167; org.apache.solr.core.QuerySenderListener; QuerySenderListener sending requests to Searcher@70c233c2 main{StandardDirectoryReader(segments_1:1)}
INFO  - 2013-09-07 16:12:44.168; org.apache.solr.core.CoreContainer; registering core: store3
INFO  - 2013-09-07 16:12:44.168; org.apache.solr.core.CoreContainer; registering core: store1
INFO  - 2013-09-07 16:12:44.168; org.apache.solr.core.CoreContainer; registering core: store2
INFO  - 2013-09-07 16:12:44.167; org.apache.solr.core.QuerySenderListener; QuerySenderListener sending requests to Searcher@198dacb5 main{StandardDirectoryReader(segments_1:1)}
INFO  - 2013-09-07 16:12:44.168; org.apache.solr.core.CoreContainer; Creating SolrCore 'store' using instanceDir: /home/jholmberg/Projects/titan-solr-cloud-test/solr-4.4.0/example/solr-titan-test/store
INFO  - 2013-09-07 16:12:44.169; org.apache.solr.core.SolrResourceLoader; new SolrResourceLoader for directory: '/home/jholmberg/Projects/titan-solr-cloud-test/solr-4.4.0/example/solr-titan-test/store/'
INFO  - 2013-09-07 16:12:44.198; org.apache.solr.core.SolrCore; [store3] webapp=null path=null params={event=firstSearcher&q=static+firstSearcher+warming+in+solrconfig.xml&distrib=false} hits=0 status=0 QTime=28 
INFO  - 2013-09-07 16:12:44.198; org.apache.solr.core.SolrCore; [store1] webapp=null path=null params={event=firstSearcher&q=static+firstSearcher+warming+in+solrconfig.xml&distrib=false} hits=0 status=0 QTime=28 
INFO  - 2013-09-07 16:12:44.198; org.apache.solr.core.SolrCore; [store2] webapp=null path=null params={event=firstSearcher&q=static+firstSearcher+warming+in+solrconfig.xml&distrib=false} hits=0 status=0 QTime=28 
INFO  - 2013-09-07 16:12:44.198; org.apache.solr.core.QuerySenderListener; QuerySenderListener done.
INFO  - 2013-09-07 16:12:44.198; org.apache.solr.core.QuerySenderListener; QuerySenderListener done.
INFO  - 2013-09-07 16:12:44.199; org.apache.solr.handler.component.SpellCheckComponent$SpellCheckerListener; Loading spell index for spellchecker: default
INFO  - 2013-09-07 16:12:44.199; org.apache.solr.handler.component.SpellCheckComponent$SpellCheckerListener; Loading spell index for spellchecker: wordbreak
INFO  - 2013-09-07 16:12:44.198; org.apache.solr.core.QuerySenderListener; QuerySenderListener done.
INFO  - 2013-09-07 16:12:44.199; org.apache.solr.core.SolrCore; [store1] Registered new searcher Searcher@5dd43f63 main{StandardDirectoryReader(segments_1:1)}
INFO  - 2013-09-07 16:12:44.199; org.apache.solr.handler.component.SpellCheckComponent$SpellCheckerListener; Loading spell index for spellchecker: default
INFO  - 2013-09-07 16:12:44.200; org.apache.solr.handler.component.SpellCheckComponent$SpellCheckerListener; Loading spell index for spellchecker: wordbreak
INFO  - 2013-09-07 16:12:44.199; org.apache.solr.handler.component.SpellCheckComponent$SpellCheckerListener; Loading spell index for spellchecker: default
INFO  - 2013-09-07 16:12:44.200; org.apache.solr.handler.component.SpellCheckComponent$SpellCheckerListener; Loading spell index for spellchecker: wordbreak
INFO  - 2013-09-07 16:12:44.200; org.apache.solr.core.SolrCore; [store3] Registered new searcher Searcher@70c233c2 main{StandardDirectoryReader(segments_1:1)}
INFO  - 2013-09-07 16:12:44.200; org.apache.solr.core.SolrCore; [store2] Registered new searcher Searcher@198dacb5 main{StandardDirectoryReader(segments_1:1)}
INFO  - 2013-09-07 16:12:44.232; org.apache.solr.update.SolrIndexConfig; IndexWriter infoStream solr logging is enabled
INFO  - 2013-09-07 16:12:44.234; org.apache.solr.core.SolrConfig; Using Lucene MatchVersion: LUCENE_44
INFO  - 2013-09-07 16:12:44.272; org.apache.solr.core.SolrConfig; Loaded SolrConfig: solrconfig.xml
INFO  - 2013-09-07 16:12:44.272; org.apache.solr.schema.IndexSchema; Reading Solr Schema from schema.xml
INFO  - 2013-09-07 16:12:44.284; org.apache.solr.schema.IndexSchema; [store] Schema name=titanIndex
INFO  - 2013-09-07 16:12:44.333; org.apache.solr.schema.IndexSchema; default search field in schema is text
INFO  - 2013-09-07 16:12:44.334; org.apache.solr.schema.IndexSchema; query parser default operator is OR
INFO  - 2013-09-07 16:12:44.334; org.apache.solr.schema.IndexSchema; unique key field: document_id
INFO  - 2013-09-07 16:12:44.342; org.apache.solr.core.SolrCore; solr.NRTCachingDirectoryFactory
INFO  - 2013-09-07 16:12:44.342; org.apache.solr.core.SolrCore; [store] Opening new SolrCore at /home/jholmberg/Projects/titan-solr-cloud-test/solr-4.4.0/example/solr-titan-test/store/, dataDir=/home/jholmberg/Projects/titan-solr-cloud-test/solr-4.4.0/example/solr-titan-test/store/data/
INFO  - 2013-09-07 16:12:44.343; org.apache.solr.core.JmxMonitoredMap; No JMX servers found, not exposing Solr information with JMX.
INFO  - 2013-09-07 16:12:44.343; org.apache.solr.core.SolrCore; [store] Added SolrEventListener for newSearcher: org.apache.solr.core.QuerySenderListener{queries=[]}
INFO  - 2013-09-07 16:12:44.343; org.apache.solr.core.SolrCore; [store] Added SolrEventListener for firstSearcher: org.apache.solr.core.QuerySenderListener{queries=[{q=static firstSearcher warming in solrconfig.xml}]}
INFO  - 2013-09-07 16:12:44.343; org.apache.solr.core.CachingDirectoryFactory; return new directory for /home/jholmberg/Projects/titan-solr-cloud-test/solr-4.4.0/example/solr-titan-test/store/data
INFO  - 2013-09-07 16:12:44.343; org.apache.solr.core.SolrCore; New index directory detected: old=null new=/home/jholmberg/Projects/titan-solr-cloud-test/solr-4.4.0/example/solr-titan-test/store/data/index/
INFO  - 2013-09-07 16:12:44.344; org.apache.solr.core.CachingDirectoryFactory; return new directory for /home/jholmberg/Projects/titan-solr-cloud-test/solr-4.4.0/example/solr-titan-test/store/data/index
INFO  - 2013-09-07 16:12:44.344; org.apache.solr.core.SolrCore; created json: solr.JSONResponseWriter
INFO  - 2013-09-07 16:12:44.344; org.apache.solr.core.SolrCore; adding lazy queryResponseWriter: solr.VelocityResponseWriter
INFO  - 2013-09-07 16:12:44.344; org.apache.solr.core.SolrCore; created velocity: solr.VelocityResponseWriter
INFO  - 2013-09-07 16:12:44.344; org.apache.solr.core.SolrCore; created xslt: solr.XSLTResponseWriter
INFO  - 2013-09-07 16:12:44.344; org.apache.solr.response.XSLTResponseWriter; xsltCacheLifetimeSeconds=5
INFO  - 2013-09-07 16:12:44.345; org.apache.solr.core.RequestHandlers; created /select: solr.SearchHandler
INFO  - 2013-09-07 16:12:44.345; org.apache.solr.core.RequestHandlers; created /query: solr.SearchHandler
INFO  - 2013-09-07 16:12:44.346; org.apache.solr.core.RequestHandlers; created /get: solr.RealTimeGetHandler
INFO  - 2013-09-07 16:12:44.346; org.apache.solr.core.RequestHandlers; created /browse: solr.SearchHandler
INFO  - 2013-09-07 16:12:44.346; org.apache.solr.core.RequestHandlers; created /update: solr.UpdateRequestHandler
INFO  - 2013-09-07 16:12:44.346; org.apache.solr.core.RequestHandlers; created /update/json: solr.JsonUpdateRequestHandler
INFO  - 2013-09-07 16:12:44.346; org.apache.solr.core.RequestHandlers; created /update/csv: solr.CSVRequestHandler
INFO  - 2013-09-07 16:12:44.346; org.apache.solr.core.RequestHandlers; adding lazy requestHandler: solr.extraction.ExtractingRequestHandler
INFO  - 2013-09-07 16:12:44.346; org.apache.solr.core.RequestHandlers; created /update/extract: solr.extraction.ExtractingRequestHandler
INFO  - 2013-09-07 16:12:44.347; org.apache.solr.core.RequestHandlers; adding lazy requestHandler: solr.FieldAnalysisRequestHandler
INFO  - 2013-09-07 16:12:44.347; org.apache.solr.core.RequestHandlers; created /analysis/field: solr.FieldAnalysisRequestHandler
INFO  - 2013-09-07 16:12:44.347; org.apache.solr.core.RequestHandlers; adding lazy requestHandler: solr.DocumentAnalysisRequestHandler
INFO  - 2013-09-07 16:12:44.347; org.apache.solr.core.RequestHandlers; created /analysis/document: solr.DocumentAnalysisRequestHandler
INFO  - 2013-09-07 16:12:44.347; org.apache.solr.core.RequestHandlers; created /admin/: solr.admin.AdminHandlers
INFO  - 2013-09-07 16:12:44.347; org.apache.solr.core.RequestHandlers; created /admin/ping: solr.PingRequestHandler
INFO  - 2013-09-07 16:12:44.347; org.apache.solr.core.RequestHandlers; created /debug/dump: solr.DumpRequestHandler
INFO  - 2013-09-07 16:12:44.348; org.apache.solr.core.RequestHandlers; created /replication: solr.ReplicationHandler
INFO  - 2013-09-07 16:12:44.348; org.apache.solr.core.RequestHandlers; adding lazy requestHandler: solr.SearchHandler
INFO  - 2013-09-07 16:12:44.348; org.apache.solr.core.RequestHandlers; created /spell: solr.SearchHandler
INFO  - 2013-09-07 16:12:44.348; org.apache.solr.core.RequestHandlers; adding lazy requestHandler: solr.SearchHandler
INFO  - 2013-09-07 16:12:44.348; org.apache.solr.core.RequestHandlers; created /tvrh: solr.SearchHandler
INFO  - 2013-09-07 16:12:44.348; org.apache.solr.core.RequestHandlers; adding lazy requestHandler: solr.SearchHandler
INFO  - 2013-09-07 16:12:44.348; org.apache.solr.core.RequestHandlers; created /terms: solr.SearchHandler
INFO  - 2013-09-07 16:12:44.348; org.apache.solr.core.RequestHandlers; adding lazy requestHandler: solr.SearchHandler
INFO  - 2013-09-07 16:12:44.349; org.apache.solr.core.RequestHandlers; created /elevate: solr.SearchHandler
INFO  - 2013-09-07 16:12:44.349; org.apache.solr.handler.loader.XMLLoader; xsltCacheLifetimeSeconds=60
INFO  - 2013-09-07 16:12:44.350; org.apache.solr.handler.loader.XMLLoader; xsltCacheLifetimeSeconds=60
INFO  - 2013-09-07 16:12:44.350; org.apache.solr.handler.loader.XMLLoader; xsltCacheLifetimeSeconds=60
INFO  - 2013-09-07 16:12:44.353; org.apache.solr.search.SolrIndexSearcher; Opening Searcher@7c0e343d main
INFO  - 2013-09-07 16:12:44.354; org.apache.solr.update.CommitTracker; Hard AutoCommit: if uncommited for 15000ms; 
INFO  - 2013-09-07 16:12:44.354; org.apache.solr.update.CommitTracker; Soft AutoCommit: disabled
INFO  - 2013-09-07 16:12:44.354; org.apache.solr.handler.component.SpellCheckComponent; Initializing spell checkers
INFO  - 2013-09-07 16:12:44.354; org.apache.solr.spelling.DirectSolrSpellChecker; init: {name=default,field=text,classname=solr.DirectSolrSpellChecker,distanceMeasure=internal,accuracy=0.5,maxEdits=2,minPrefix=1,maxInspections=5,minQueryLength=4,maxQueryFrequency=0.01}
INFO  - 2013-09-07 16:12:44.354; org.apache.solr.handler.component.SpellCheckComponent; No queryConverter defined, using default converter
INFO  - 2013-09-07 16:12:44.355; org.apache.solr.handler.component.QueryElevationComponent; Loading QueryElevation from: /home/jholmberg/Projects/titan-solr-cloud-test/solr-4.4.0/example/solr-titan-test/store/conf/elevate.xml
INFO  - 2013-09-07 16:12:44.360; org.apache.solr.handler.ReplicationHandler; Commits will be reserved for  10000
INFO  - 2013-09-07 16:12:44.361; org.apache.solr.core.CoreContainer; registering core: store
INFO  - 2013-09-07 16:12:44.361; org.apache.solr.core.QuerySenderListener; QuerySenderListener sending requests to Searcher@7c0e343d main{StandardDirectoryReader(segments_1:1)}
INFO  - 2013-09-07 16:12:44.362; org.apache.solr.servlet.SolrDispatchFilter; user.dir=/home/jholmberg/Projects/titan-solr-cloud-test/solr-4.4.0/example
INFO  - 2013-09-07 16:12:44.362; org.apache.solr.servlet.SolrDispatchFilter; SolrDispatchFilter.init() done
INFO  - 2013-09-07 16:12:44.362; org.apache.solr.core.SolrCore; [store] webapp=null path=null params={event=firstSearcher&q=static+firstSearcher+warming+in+solrconfig.xml&distrib=false} hits=0 status=0 QTime=1 
INFO  - 2013-09-07 16:12:44.362; org.apache.solr.core.QuerySenderListener; QuerySenderListener done.
INFO  - 2013-09-07 16:12:44.362; org.apache.solr.handler.component.SpellCheckComponent$SpellCheckerListener; Loading spell index for spellchecker: default
INFO  - 2013-09-07 16:12:44.363; org.apache.solr.handler.component.SpellCheckComponent$SpellCheckerListener; Loading spell index for spellchecker: wordbreak
INFO  - 2013-09-07 16:12:44.363; org.apache.solr.core.SolrCore; [store] Registered new searcher Searcher@7c0e343d main{StandardDirectoryReader(segments_1:1)}
INFO  - 2013-09-07 16:12:44.382; org.eclipse.jetty.server.AbstractConnector; Started SocketConnector@0.0.0.0:8983
INFO  - 2013-09-07 16:14:38.331; org.apache.solr.core.SolrCore; [store1] webapp=/solr path=/admin/file/ params={file=admin-extra.html&_=1378584878315} status=404 QTime=2 
INFO  - 2013-09-07 16:14:38.332; org.apache.solr.core.SolrCore; [store1] webapp=/solr path=/admin/luke params={numTerms=0&_=1378584878305&show=index&wt=json} status=0 QTime=4 
INFO  - 2013-09-07 16:14:38.333; org.apache.solr.core.SolrCore; [store1] webapp=/solr path=/admin/ping params={action=status&_=1378584878317&wt=json} status=503 QTime=4 
INFO  - 2013-09-07 16:14:38.333; org.apache.solr.core.SolrCore; [store1] webapp=/solr path=/replication params={command=details&_=1378584878310&wt=json} status=0 QTime=5 
INFO  - 2013-09-07 16:14:44.389; org.apache.solr.core.SolrCore; [store1] webapp=/solr path=/admin/luke params={numTerms=0&_=1378584884383&show=index&wt=json} status=0 QTime=1 
INFO  - 2013-09-07 16:14:44.390; org.apache.solr.core.SolrCore; [store1] webapp=/solr path=/replication params={command=details&_=1378584884385&wt=json} status=0 QTime=1 
INFO  - 2013-09-07 16:14:44.395; org.apache.solr.core.SolrCore; [store1] webapp=/solr path=/admin/file/ params={file=admin-extra.html&_=1378584884388} status=404 QTime=0 
INFO  - 2013-09-07 16:14:44.395; org.apache.solr.core.SolrCore; [store1] webapp=/solr path=/admin/ping params={action=status&_=1378584884389&wt=json} status=503 QTime=0 
INFO  - 2013-09-07 16:14:50.667; org.apache.solr.core.SolrCore; [store1] webapp=/solr path=/admin/luke params={_=1378584890660&show=schema&wt=json} status=0 QTime=3 
INFO  - 2013-09-07 16:14:51.654; org.apache.solr.core.SolrCore; [store1] webapp=/solr path=/admin/file params={file=solrconfig.xml&_=1378584891648&contentType=text/xml;charset%3Dutf-8} status=0 QTime=0 
INFO  - 2013-09-07 16:14:59.684; org.apache.solr.core.SolrCore; [store1] webapp=/solr path=/admin/file params={file=schema.xml&_=1378584899680&contentType=text/xml;charset%3Dutf-8} status=0 QTime=0 
INFO  - 2013-09-07 16:20:55.890; org.apache.solr.servlet.SolrDispatchFilter; [admin] webapp=null path=/admin/cores params={indexInfo=false&_=1378585255886&wt=json} status=0 QTime=1 
INFO  - 2013-09-07 16:20:55.935; org.apache.solr.core.SolrCore; [store] webapp=/solr path=/admin/system params={_=1378585255923&wt=json} status=0 QTime=6 
INFO  - 2013-09-09 05:35:26.282; org.eclipse.jetty.server.Server; Graceful shutdown SocketConnector@0.0.0.0:8983
INFO  - 2013-09-09 05:35:26.286; org.eclipse.jetty.server.Server; Graceful shutdown o.e.j.w.WebAppContext{/solr,file:/home/jholmberg/Projects/titan-solr-cloud-test/solr-4.4.0/example/solr-webapp/webapp/},/home/jholmberg/Projects/titan-solr-cloud-test/solr-4.4.0/example/webapps/solr.war
INFO  - 2013-09-09 05:35:27.287; org.apache.solr.core.CoreContainer; Shutting down CoreContainer instance=1482553286
INFO  - 2013-09-09 05:35:27.288; org.apache.solr.core.SolrCore; [store2]  CLOSING SolrCore org.apache.solr.core.SolrCore@6c7d50ba
INFO  - 2013-09-09 05:35:27.288; org.apache.solr.update.DirectUpdateHandler2; closing DirectUpdateHandler2{commits=0,autocommit maxTime=15000ms,autocommits=0,soft autocommits=0,optimizes=0,rollbacks=0,expungeDeletes=0,docsPending=0,adds=0,deletesById=0,deletesByQuery=0,errors=0,cumulative_adds=0,cumulative_deletesById=0,cumulative_deletesByQuery=0,cumulative_errors=0}
INFO  - 2013-09-09 05:35:27.289; org.apache.solr.update.SolrCoreState; Closing SolrCoreState
INFO  - 2013-09-09 05:35:27.289; org.apache.solr.update.DefaultSolrCoreState; SolrCoreState ref count has reached 0 - closing IndexWriter
INFO  - 2013-09-09 05:35:27.289; org.apache.solr.update.DefaultSolrCoreState; closing IndexWriter with IndexWriterCloser
INFO  - 2013-09-09 05:35:27.289; org.apache.solr.core.SolrCore; [store2] Closing main searcher on request.
INFO  - 2013-09-09 05:35:27.290; org.apache.solr.core.CachingDirectoryFactory; Closing NRTCachingDirectoryFactory - 2 directories currently being tracked
INFO  - 2013-09-09 05:35:27.290; org.apache.solr.core.CachingDirectoryFactory; looking to close /home/jholmberg/Projects/titan-solr-cloud-test/solr-4.4.0/example/solr-titan-test/store2/data [CachedDir<<refCount=0;path=/home/jholmberg/Projects/titan-solr-cloud-test/solr-4.4.0/example/solr-titan-test/store2/data;done=false>>]
INFO  - 2013-09-09 05:35:27.290; org.apache.solr.core.CachingDirectoryFactory; Closing directory: /home/jholmberg/Projects/titan-solr-cloud-test/solr-4.4.0/example/solr-titan-test/store2/data
INFO  - 2013-09-09 05:35:27.291; org.apache.solr.core.CachingDirectoryFactory; looking to close /home/jholmberg/Projects/titan-solr-cloud-test/solr-4.4.0/example/solr-titan-test/store2/data/index [CachedDir<<refCount=0;path=/home/jholmberg/Projects/titan-solr-cloud-test/solr-4.4.0/example/solr-titan-test/store2/data/index;done=false>>]
INFO  - 2013-09-09 05:35:27.291; org.apache.solr.core.CachingDirectoryFactory; Closing directory: /home/jholmberg/Projects/titan-solr-cloud-test/solr-4.4.0/example/solr-titan-test/store2/data/index
INFO  - 2013-09-09 05:35:27.291; org.apache.solr.core.SolrCore; [store3]  CLOSING SolrCore org.apache.solr.core.SolrCore@173f1afb
INFO  - 2013-09-09 05:35:27.292; org.apache.solr.update.DirectUpdateHandler2; closing DirectUpdateHandler2{commits=0,autocommit maxTime=15000ms,autocommits=0,soft autocommits=0,optimizes=0,rollbacks=0,expungeDeletes=0,docsPending=0,adds=0,deletesById=0,deletesByQuery=0,errors=0,cumulative_adds=0,cumulative_deletesById=0,cumulative_deletesByQuery=0,cumulative_errors=0}
INFO  - 2013-09-09 05:35:27.292; org.apache.solr.update.SolrCoreState; Closing SolrCoreState
INFO  - 2013-09-09 05:35:27.292; org.apache.solr.update.DefaultSolrCoreState; SolrCoreState ref count has reached 0 - closing IndexWriter
INFO  - 2013-09-09 05:35:27.292; org.apache.solr.update.DefaultSolrCoreState; closing IndexWriter with IndexWriterCloser
INFO  - 2013-09-09 05:35:27.292; org.apache.solr.core.SolrCore; [store3] Closing main searcher on request.
INFO  - 2013-09-09 05:35:27.293; org.apache.solr.core.CachingDirectoryFactory; Closing NRTCachingDirectoryFactory - 2 directories currently being tracked
INFO  - 2013-09-09 05:35:27.293; org.apache.solr.core.CachingDirectoryFactory; looking to close /home/jholmberg/Projects/titan-solr-cloud-test/solr-4.4.0/example/solr-titan-test/store3/data/index [CachedDir<<refCount=0;path=/home/jholmberg/Projects/titan-solr-cloud-test/solr-4.4.0/example/solr-titan-test/store3/data/index;done=false>>]
INFO  - 2013-09-09 05:35:27.293; org.apache.solr.core.CachingDirectoryFactory; Closing directory: /home/jholmberg/Projects/titan-solr-cloud-test/solr-4.4.0/example/solr-titan-test/store3/data/index
INFO  - 2013-09-09 05:35:27.293; org.apache.solr.core.CachingDirectoryFactory; looking to close /home/jholmberg/Projects/titan-solr-cloud-test/solr-4.4.0/example/solr-titan-test/store3/data [CachedDir<<refCount=0;path=/home/jholmberg/Projects/titan-solr-cloud-test/solr-4.4.0/example/solr-titan-test/store3/data;done=false>>]
INFO  - 2013-09-09 05:35:27.294; org.apache.solr.core.CachingDirectoryFactory; Closing directory: /home/jholmberg/Projects/titan-solr-cloud-test/solr-4.4.0/example/solr-titan-test/store3/data
INFO  - 2013-09-09 05:35:27.294; org.apache.solr.core.SolrCore; [store1]  CLOSING SolrCore org.apache.solr.core.SolrCore@3e24f5ad
INFO  - 2013-09-09 05:35:27.294; org.apache.solr.update.DirectUpdateHandler2; closing DirectUpdateHandler2{commits=0,autocommit maxTime=15000ms,autocommits=0,soft autocommits=0,optimizes=0,rollbacks=0,expungeDeletes=0,docsPending=0,adds=0,deletesById=0,deletesByQuery=0,errors=0,cumulative_adds=0,cumulative_deletesById=0,cumulative_deletesByQuery=0,cumulative_errors=0}
INFO  - 2013-09-09 05:35:27.294; org.apache.solr.update.SolrCoreState; Closing SolrCoreState
INFO  - 2013-09-09 05:35:27.294; org.apache.solr.update.DefaultSolrCoreState; SolrCoreState ref count has reached 0 - closing IndexWriter
INFO  - 2013-09-09 05:35:27.295; org.apache.solr.update.DefaultSolrCoreState; closing IndexWriter with IndexWriterCloser
INFO  - 2013-09-09 05:35:27.295; org.apache.solr.core.SolrCore; [store1] Closing main searcher on request.
INFO  - 2013-09-09 05:35:27.295; org.apache.solr.core.CachingDirectoryFactory; Closing NRTCachingDirectoryFactory - 2 directories currently being tracked
INFO  - 2013-09-09 05:35:27.295; org.apache.solr.core.CachingDirectoryFactory; looking to close /home/jholmberg/Projects/titan-solr-cloud-test/solr-4.4.0/example/solr-titan-test/store1/data/index [CachedDir<<refCount=0;path=/home/jholmberg/Projects/titan-solr-cloud-test/solr-4.4.0/example/solr-titan-test/store1/data/index;done=false>>]
INFO  - 2013-09-09 05:35:27.296; org.apache.solr.core.CachingDirectoryFactory; Closing directory: /home/jholmberg/Projects/titan-solr-cloud-test/solr-4.4.0/example/solr-titan-test/store1/data/index
INFO  - 2013-09-09 05:35:27.296; org.apache.solr.core.CachingDirectoryFactory; looking to close /home/jholmberg/Projects/titan-solr-cloud-test/solr-4.4.0/example/solr-titan-test/store1/data [CachedDir<<refCount=0;path=/home/jholmberg/Projects/titan-solr-cloud-test/solr-4.4.0/example/solr-titan-test/store1/data;done=false>>]
INFO  - 2013-09-09 05:35:27.296; org.apache.solr.core.CachingDirectoryFactory; Closing directory: /home/jholmberg/Projects/titan-solr-cloud-test/solr-4.4.0/example/solr-titan-test/store1/data
INFO  - 2013-09-09 05:35:27.296; org.apache.solr.core.SolrCore; [store]  CLOSING SolrCore org.apache.solr.core.SolrCore@4d4b692b
INFO  - 2013-09-09 05:35:27.296; org.apache.solr.update.DirectUpdateHandler2; closing DirectUpdateHandler2{commits=0,autocommit maxTime=15000ms,autocommits=0,soft autocommits=0,optimizes=0,rollbacks=0,expungeDeletes=0,docsPending=0,adds=0,deletesById=0,deletesByQuery=0,errors=0,cumulative_adds=0,cumulative_deletesById=0,cumulative_deletesByQuery=0,cumulative_errors=0}
INFO  - 2013-09-09 05:35:27.297; org.apache.solr.update.SolrCoreState; Closing SolrCoreState
INFO  - 2013-09-09 05:35:27.297; org.apache.solr.update.DefaultSolrCoreState; SolrCoreState ref count has reached 0 - closing IndexWriter
INFO  - 2013-09-09 05:35:27.297; org.apache.solr.update.DefaultSolrCoreState; closing IndexWriter with IndexWriterCloser
INFO  - 2013-09-09 05:35:27.297; org.apache.solr.core.SolrCore; [store] Closing main searcher on request.
INFO  - 2013-09-09 05:35:27.298; org.apache.solr.core.CachingDirectoryFactory; Closing NRTCachingDirectoryFactory - 2 directories currently being tracked
INFO  - 2013-09-09 05:35:27.298; org.apache.solr.core.CachingDirectoryFactory; looking to close /home/jholmberg/Projects/titan-solr-cloud-test/solr-4.4.0/example/solr-titan-test/store/data/index [CachedDir<<refCount=0;path=/home/jholmberg/Projects/titan-solr-cloud-test/solr-4.4.0/example/solr-titan-test/store/data/index;done=false>>]
INFO  - 2013-09-09 05:35:27.298; org.apache.solr.core.CachingDirectoryFactory; Closing directory: /home/jholmberg/Projects/titan-solr-cloud-test/solr-4.4.0/example/solr-titan-test/store/data/index
INFO  - 2013-09-09 05:35:27.298; org.apache.solr.core.CachingDirectoryFactory; looking to close /home/jholmberg/Projects/titan-solr-cloud-test/solr-4.4.0/example/solr-titan-test/store/data [CachedDir<<refCount=0;path=/home/jholmberg/Projects/titan-solr-cloud-test/solr-4.4.0/example/solr-titan-test/store/data;done=false>>]
INFO  - 2013-09-09 05:35:27.298; org.apache.solr.core.CachingDirectoryFactory; Closing directory: /home/jholmberg/Projects/titan-solr-cloud-test/solr-4.4.0/example/solr-titan-test/store/data
INFO  - 2013-09-09 05:35:27.299; org.eclipse.jetty.server.handler.ContextHandler; stopped o.e.j.w.WebAppContext{/solr,file:/home/jholmberg/Projects/titan-solr-cloud-test/solr-4.4.0/example/solr-webapp/webapp/},/home/jholmberg/Projects/titan-solr-cloud-test/solr-4.4.0/example/webapps/solr.war
